<?xml version="1.0" encoding="UTF-8"?>
<testsuite name="org.example.cf.CF_71ATest" tests="4" skipped="0" failures="0" errors="0" timestamp="2019-11-20T21:01:53" hostname="C02PV2X1FVH6" time="0.01">
  <properties/>
  <testcase name="testAbbreviate[0]" classname="org.example.cf.CF_71ATest" time="0.003"/>
  <testcase name="testAbbreviate[1]" classname="org.example.cf.CF_71ATest" time="0.002"/>
  <testcase name="testAbbreviate[2]" classname="org.example.cf.CF_71ATest" time="0.001"/>
  <testcase name="testAbbreviate[3]" classname="org.example.cf.CF_71ATest" time="0.0"/>
  <system-out><![CDATA[]]></system-out>
  <system-err><![CDATA[]]></system-err>
</testsuite>
